draw/main.c: In function ‘main’:
draw/main.c:220:21: warning: this statement may fall through [-Wimplicit-fallthrough=]
  220 |                     moveSelectedShapes(shapes, shapeCount, dx, dy);
      |                     ^~~~~~~~~~~~~~~~~~~~~~~~~~~~~~~~~~~~~~~~~~~~~~
draw/main.c:222:17: note: here
  222 |                 case SDL_MOUSEBUTTONDOWN: // selection forme avec souris
      |                 ^~~~
draw/form.c: In function ‘drawCircle’:
draw/form.c:42:1: warning: control reaches end of non-void function [-Wreturn-type]
   42 | }
      | ^
draw/form.c: In function ‘drawEllipse’:
draw/form.c:81:1: warning: control reaches end of non-void function [-Wreturn-type]
   81 | }
      | ^
draw/form.c: In function ‘drawArc’:
draw/form.c:107:1: warning: control reaches end of non-void function [-Wreturn-type]
  107 | }
      | ^
draw/form.c: In function ‘drawRectangle’:
draw/form.c:152:1: warning: control reaches end of non-void function [-Wreturn-type]
  152 | }
      | ^
draw/form.c: In function ‘drawRoundedRectangle’:
draw/form.c:194:1: warning: control reaches end of non-void function [-Wreturn-type]
  194 | }
      | ^
draw/form.c: In function ‘drawCustomPolygon’:
draw/form.c:273:1: warning: control reaches end of non-void function [-Wreturn-type]
  273 | }
      | ^
draw/form.c: In function ‘drawLine’:
draw/form.c:316:1: warning: control reaches end of non-void function [-Wreturn-type]
  316 | }
      | ^
draw/form.c: In function ‘drawAnimatedCircle’:
draw/form.c:362:1: warning: control reaches end of non-void function [-Wreturn-type]
  362 | }
      | ^
draw/form.c: In function ‘drawAnimatedRectangle’:
draw/form.c:435:1: warning: control reaches end of non-void function [-Wreturn-type]
  435 | }
      | ^
draw/form.c: In function ‘drawAnimatedRoundedRectangle’:
draw/form.c:519:1: warning: control reaches end of non-void function [-Wreturn-type]
  519 | }
      | ^
draw/form.c: In function ‘drawAnimatedEllipse’:
draw/form.c:589:1: warning: control reaches end of non-void function [-Wreturn-type]
  589 | }
      | ^
draw/form.c: In function ‘drawAnimatedArc’:
draw/form.c:637:1: warning: control reaches end of non-void function [-Wreturn-type]
  637 | }
      | ^
draw/form.c: In function ‘drawAnimatedCustomPolygon’:
draw/form.c:744:1: warning: control reaches end of non-void function [-Wreturn-type]
  744 | }
      | ^
draw/form.c: In function ‘drawAnimatedLine’:
draw/form.c:797:1: warning: control reaches end of non-void function [-Wreturn-type]
  797 | }
      | ^
draw/form.c: In function ‘drawShape’:
draw/form.c:1050:1: warning: control reaches end of non-void function [-Wreturn-type]
 1050 | }
      | ^
draw/formEvents.c: In function ‘renderShape’:
draw/formEvents.c:32:5: warning: enumeration value ‘SHAPE_ARC’ not handled in switch [-Wswitch]
   32 |     switch (shape->type) {
      |     ^~~~~~
draw/formEvents.c:32:5: warning: enumeration value ‘SHAPE_POLYGON’ not handled in switch [-Wswitch]
draw/formEvents.c: In function ‘updateShapeOnTexture’:
draw/formEvents.c:284:5: warning: enumeration value ‘SHAPE_ELLIPSE’ not handled in switch [-Wswitch]
  284 |     switch (shape->type) {
      |     ^~~~~~
draw/formEvents.c:284:5: warning: enumeration value ‘SHAPE_ARC’ not handled in switch [-Wswitch]
draw/formEvents.c:284:5: warning: enumeration value ‘SHAPE_ROUNDED_RECTANGLE’ not handled in switch [-Wswitch]
draw/formEvents.c:284:5: warning: enumeration value ‘SHAPE_POLYGON’ not handled in switch [-Wswitch]
draw/formEvents.c:284:5: warning: enumeration value ‘SHAPE_LINE’ not handled in switch [-Wswitch]
draw/formEvents.c:304:5: warning: enumeration value ‘SHAPE_ELLIPSE’ not handled in switch [-Wswitch]
  304 |     switch (shape->type) {
      |     ^~~~~~
draw/formEvents.c:304:5: warning: enumeration value ‘SHAPE_ARC’ not handled in switch [-Wswitch]
draw/formEvents.c:304:5: warning: enumeration value ‘SHAPE_ROUNDED_RECTANGLE’ not handled in switch [-Wswitch]
draw/formEvents.c:304:5: warning: enumeration value ‘SHAPE_POLYGON’ not handled in switch [-Wswitch]
draw/formEvents.c:304:5: warning: enumeration value ‘SHAPE_LINE’ not handled in switch [-Wswitch]
draw/formEvents.c: In function ‘moveShapesWithMouse’:
draw/formEvents.c:379:13: warning: enumeration value ‘SHAPE_ARC’ not handled in switch [-Wswitch]
  379 |             switch (shapes[i].type) {
      |             ^~~~~~
draw/formEvents.c:379:13: warning: enumeration value ‘SHAPE_POLYGON’ not handled in switch [-Wswitch]
draw/main.c: In function ‘main’:
draw/main.c:221:21: warning: this statement may fall through [-Wimplicit-fallthrough=]
  221 |                     moveSelectedShapes(shapes, shapeCount, dx, dy);
      |                     ^~~~~~~~~~~~~~~~~~~~~~~~~~~~~~~~~~~~~~~~~~~~~~
draw/main.c:223:17: note: here
  223 |                 case SDL_MOUSEBUTTONDOWN: // selection forme avec souris
      |                 ^~~~
draw/main.c: In function ‘main’:
draw/main.c:221:21: warning: this statement may fall through [-Wimplicit-fallthrough=]
  221 |                     moveSelectedShapes(shapes, shapeCount, dx, dy);
      |                     ^~~~~~~~~~~~~~~~~~~~~~~~~~~~~~~~~~~~~~~~~~~~~~
draw/main.c:223:17: note: here
  223 |                 case SDL_MOUSEBUTTONDOWN: // selection forme avec souris
      |                 ^~~~
draw/main.c: In function ‘main’:
draw/main.c:221:21: warning: this statement may fall through [-Wimplicit-fallthrough=]
  221 |                     moveSelectedShapes(shapes, shapeCount, dx, dy);
      |                     ^~~~~~~~~~~~~~~~~~~~~~~~~~~~~~~~~~~~~~~~~~~~~~
draw/main.c:223:17: note: here
  223 |                 case SDL_MOUSEBUTTONDOWN: // selection forme avec souris
      |                 ^~~~
