Created by PLY version 3.11 (http://www.dabeaz.com/ply)

Grammar

Rule 0     S' -> command
Rule 1     command -> LINE LPAREN NUMBER NUMBER RPAREN
Rule 2     command -> CIRCLE NUMBER
Rule 3     command -> LOUAYE NUMBER LINE

Terminals, with rules where they appear

CIRCLE               : 2
LINE                 : 1 3
LOUAYE               : 3
LPAREN               : 1
NUMBER               : 1 1 2 3
RPAREN               : 1
error                : 

Nonterminals, with rules where they appear

command              : 0

Parsing method: LALR

state 0

    (0) S' -> . command
    (1) command -> . LINE LPAREN NUMBER NUMBER RPAREN
    (2) command -> . CIRCLE NUMBER
    (3) command -> . LOUAYE NUMBER LINE

    LINE            shift and go to state 2
    CIRCLE          shift and go to state 3
    LOUAYE          shift and go to state 4

    command                        shift and go to state 1

state 1

    (0) S' -> command .



state 2

    (1) command -> LINE . LPAREN NUMBER NUMBER RPAREN

    LPAREN          shift and go to state 5


state 3

    (2) command -> CIRCLE . NUMBER

    NUMBER          shift and go to state 6


state 4

    (3) command -> LOUAYE . NUMBER LINE

    NUMBER          shift and go to state 7


state 5

    (1) command -> LINE LPAREN . NUMBER NUMBER RPAREN

    NUMBER          shift and go to state 8


state 6

    (2) command -> CIRCLE NUMBER .

    $end            reduce using rule 2 (command -> CIRCLE NUMBER .)


state 7

    (3) command -> LOUAYE NUMBER . LINE

    LINE            shift and go to state 9


state 8

    (1) command -> LINE LPAREN NUMBER . NUMBER RPAREN

    NUMBER          shift and go to state 10


state 9

    (3) command -> LOUAYE NUMBER LINE .

    $end            reduce using rule 3 (command -> LOUAYE NUMBER LINE .)


state 10

    (1) command -> LINE LPAREN NUMBER NUMBER . RPAREN

    RPAREN          shift and go to state 11


state 11

    (1) command -> LINE LPAREN NUMBER NUMBER RPAREN .

    $end            reduce using rule 1 (command -> LINE LPAREN NUMBER NUMBER RPAREN .)

